current directory: /mnt/c/Users/Kmhan/Desktop/Repos/intern_playground/rails4/.gems/gems/bootsnap-1.4.4/ext/bootsnap
/home/kmhan1221/.rbenv/versions/2.6.0/bin/ruby -I /home/kmhan1221/.rbenv/versions/2.6.0/lib/ruby/2.6.0 -r ./siteconf20190611-21778-fuiu1o.rb extconf.rb
creating Makefile

current directory: /mnt/c/Users/Kmhan/Desktop/Repos/intern_playground/rails4/.gems/gems/bootsnap-1.4.4/ext/bootsnap
make "DESTDIR=" clean

current directory: /mnt/c/Users/Kmhan/Desktop/Repos/intern_playground/rails4/.gems/gems/bootsnap-1.4.4/ext/bootsnap
make "DESTDIR="
compiling bootsnap.c
bootsnap.c: In function ‘get_ruby_platform’:
bootsnap.c:219:3: warning: ISO C90 forbids mixed declarations and code [-Wdeclaration-after-statement]
   struct utsname utsname;
   ^~~~~~
bootsnap.c: In function ‘bs_cache_path’:
bootsnap.c:245:39: warning: format ‘%llx’ expects argument of type ‘long long unsigned int’, but argument 5 has type ‘uint64_t {aka long unsigned int}’ [-Wformat=]
   sprintf(*cache_path, "%s/%02x/%014llx", cachedir, first_byte, remainder);
                                 ~~~~~~^
                                 %014lx
bootsnap.c: In function ‘bs_rb_fetch’:
bootsnap.c:286:3: warning: ISO C90 forbids mixed declarations and code [-Wdeclaration-after-statement]
   char * cachedir = RSTRING_PTR(cachedir_v);
   ^~~~
bootsnap.c:632:13: warning: ‘output_data’ may be used uninitialized in this function [-Wmaybe-uninitialized]
     else if (!NIL_P(output_data))             goto succeed; /* fast-path, goal */
             ^
bootsnap.c:603:9: note: ‘output_data’ was declared here
   VALUE output_data;  /* return data, e.g. ruby hash or loaded iseq */
         ^~~~~~~~~~~
bootsnap.c: At top level:
cc1: warning: unrecognized command line option ‘-Wno-self-assign’
cc1: warning: unrecognized command line option ‘-Wno-parentheses-equality’
cc1: warning: unrecognized command line option ‘-Wno-constant-logical-operand’
cc1: warning: unrecognized command line option ‘-Wno-cast-function-type’
linking shared-object bootsnap/bootsnap.so

current directory: /mnt/c/Users/Kmhan/Desktop/Repos/intern_playground/rails4/.gems/gems/bootsnap-1.4.4/ext/bootsnap
make "DESTDIR=" install
/usr/bin/install -c -m 0755 bootsnap.so ./.gem.20190611-21778-1o8j8g5/bootsnap
